Starting project at C:\Users\Administrator\Desktop\cartorio
Starting Metro Bundler
Waiting on http://localhost:8081
Logs for your project will appear below.
Web .\index.ts ▓▓▓▓▓▓▓▓▓▓▓▓▓▓▓░ 97.7% (3123/3159)
Web Bundled 2497ms index.ts (3265 modules)
 LOG  [web] Logs will appear in the browser console
Web .\index.ts ░░░░░░░░░░░░░░░░  0.0% (0/1)
Web Bundled 130ms index.ts (1 module)
 LOG  [web] Logs will appear in the browser console
Web .\index.ts ░░░░░░░░░░░░░░░░  0.0% (0/1)
Web Bundled 104ms index.ts (1 module)
 LOG  [web] Logs will appear in the browser console
Web .\index.ts ░░░░░░░░░░░░░░░░  0.0% (0/1)
Web Bundled 93ms index.ts (1 module)
 LOG  [web] Logs will appear in the browser console
Web .\index.ts ░░░░░░░░░░░░░░░░  0.0% (0/1)
Web Bundled 91ms index.ts (1 module)
 LOG  [web] Logs will appear in the browser console
Web .\index.ts ░░░░░░░░░░░░░░░░  0.0% (0/1)
Web Bundled 82ms index.ts (1 module)
 LOG  [web] Logs will appear in the browser console
Web .\index.ts ░░░░░░░░░░░░░░░░  0.0% (0/1)
Web Bundled 85ms index.ts (1 module)
 LOG  [web] Logs will appear in the browser console
